<?xml version="1.0" encoding="UTF-8"?>
<!-- Generated by org.testng.reporters.JUnitReportReporter -->
<testsuite hostname="LTIN192862" failures="0" tests="3" name="identifycourses.Languagelearning" time="42.437" errors="0" timestamp="2024-03-05T10:41:13 IST" skipped="0">
  <testcase classname="identifycourses.Languagelearning" name="searchLanguageLearning" time="10.645"/>
  <system-out/>
  <testcase classname="identifycourses.Languagelearning" name="levelCount" time="5.772"/>
  <system-out/>
  <testcase classname="identifycourses.Languagelearning" name="langCount" time="26.020"/>
  <system-out/>
</testsuite> <!-- identifycourses.Languagelearning -->
