<?xml version="1.0" encoding="UTF-8"?>
<!-- Generated by org.testng.reporters.JUnitReportReporter -->
<testsuite hostname="LTIN192862" failures="0" tests="3" name="identifycourses.Languagelearning" time="42.226" errors="0" timestamp="2024-03-04T15:10:28 IST" skipped="0">
  <testcase classname="identifycourses.Languagelearning" name="searchLanguageLearning" time="11.637"/>
  <system-out/>
  <testcase classname="identifycourses.Languagelearning" name="levelCount" time="5.697"/>
  <system-out/>
  <testcase classname="identifycourses.Languagelearning" name="langCount" time="24.892"/>
  <system-out/>
</testsuite> <!-- identifycourses.Languagelearning -->
