<?xml version="1.0" encoding="UTF-8"?>
<!-- Generated by org.testng.reporters.JUnitReportReporter -->
<testsuite hostname="LTIN192862" failures="0" tests="4" name="identifycourses.Enterprises" time="70.187" errors="0" timestamp="2024-03-04T15:10:28 IST" skipped="0">
  <testcase classname="identifycourses.Enterprises" name="forEnterprises" time="27.643"/>
  <system-out/>
  <testcase classname="identifycourses.Enterprises" name="readyToTransform" time="25.066"/>
  <system-out/>
  <testcase classname="identifycourses.Enterprises" name="dropDowns" time="17.321"/>
  <system-out/>
  <testcase classname="identifycourses.Enterprises" name="errorMessage" time="0.157"/>
  <system-out/>
</testsuite> <!-- identifycourses.Enterprises -->
