<?xml version="1.0" encoding="UTF-8"?>
<!-- Generated by org.testng.reporters.JUnitReportReporter -->
<testsuite hostname="LTIN192862" failures="0" tests="12" name="identifyingCourses.Identifycourse" time="186.343" errors="0" timestamp="2024-02-23T10:01:37 IST" skipped="0">
  <testcase classname="identifyingCourses.Identifycourse" name="searchingWebDevelopmentCourses" time="12.532"/>
  <system-out/>
  <testcase classname="identifyingCourses.Identifycourse" name="selectinglevel" time="6.423"/>
  <system-out/>
  <testcase classname="identifyingCourses.Identifycourse" name="selectinglanguages" time="23.200"/>
  <system-out/>
  <testcase classname="identifyingCourses.Identifycourse" name="firstCourse" time="23.383"/>
  <system-out/>
  <testcase classname="identifyingCourses.Identifycourse" name="secondCourse" time="12.220"/>
  <system-out/>
  <testcase classname="identifyingCourses.Identifycourse" name="searchLanguageLearning" time="15.294"/>
  <system-out/>
  <testcase classname="identifyingCourses.Identifycourse" name="levelCount" time="5.696"/>
  <system-out/>
  <testcase classname="identifyingCourses.Identifycourse" name="langCount" time="18.046"/>
  <system-out/>
  <testcase classname="identifyingCourses.Identifycourse" name="forEnterprises" time="27.391"/>
  <system-out/>
  <testcase classname="identifyingCourses.Identifycourse" name="readyToTransform" time="17.952"/>
  <system-out/>
  <testcase classname="identifyingCourses.Identifycourse" name="dropDowns" time="24.147"/>
  <system-out/>
  <testcase classname="identifyingCourses.Identifycourse" name="errorMessage" time="0.059"/>
  <system-out/>
</testsuite> <!-- identifyingCourses.Identifycourse -->
