<?xml version="1.0" encoding="UTF-8"?>
<!-- Generated by org.testng.reporters.JUnitReportReporter -->
<testsuite hostname="LTIN192862" failures="0" tests="4" name="identifycourses.Enterprises" time="70.861" errors="0" timestamp="2024-03-05T10:41:13 IST" skipped="0">
  <testcase classname="identifycourses.Enterprises" name="forEnterprises" time="27.976"/>
  <system-out/>
  <testcase classname="identifycourses.Enterprises" name="readyToTransform" time="25.136"/>
  <system-out/>
  <testcase classname="identifycourses.Enterprises" name="dropDowns" time="17.585"/>
  <system-out/>
  <testcase classname="identifycourses.Enterprises" name="errorMessage" time="0.164"/>
  <system-out/>
</testsuite> <!-- identifycourses.Enterprises -->
