<?xml version="1.0" encoding="UTF-8"?>
<!-- Generated by org.testng.reporters.JUnitReportReporter -->
<testsuite hostname="LTIN192862" failures="0" tests="5" name="identifycourses.WebdevelopmentCourses" time="85.646" errors="0" timestamp="2024-03-04T15:10:28 IST" skipped="0">
  <testcase classname="identifycourses.WebdevelopmentCourses" name="searchingWebDevelopmentCourses" time="22.142"/>
  <system-out/>
  <testcase classname="identifycourses.WebdevelopmentCourses" name="selectinglevel" time="6.864"/>
  <system-out/>
  <testcase classname="identifycourses.WebdevelopmentCourses" name="selectinglanguages" time="12.709"/>
  <system-out/>
  <testcase classname="identifycourses.WebdevelopmentCourses" name="firstCourse" time="22.175"/>
  <system-out/>
  <testcase classname="identifycourses.WebdevelopmentCourses" name="secondCourse" time="21.756"/>
  <system-out/>
</testsuite> <!-- identifycourses.WebdevelopmentCourses -->
