<?xml version="1.0" encoding="UTF-8"?>
<!-- Generated by org.testng.reporters.JUnitReportReporter -->
<testsuite hostname="LTIN192862" failures="0" tests="5" name="identifycourses.WebdevelopmentCourses" time="84.631" errors="0" timestamp="2024-03-05T10:41:13 IST" skipped="0">
  <testcase classname="identifycourses.WebdevelopmentCourses" name="searchingWebDevelopmentCourses" time="24.516"/>
  <system-out/>
  <testcase classname="identifycourses.WebdevelopmentCourses" name="selectinglevel" time="6.782"/>
  <system-out/>
  <testcase classname="identifycourses.WebdevelopmentCourses" name="selectinglanguages" time="12.725"/>
  <system-out/>
  <testcase classname="identifycourses.WebdevelopmentCourses" name="firstCourse" time="21.071"/>
  <system-out/>
  <testcase classname="identifycourses.WebdevelopmentCourses" name="secondCourse" time="19.537"/>
  <system-out/>
</testsuite> <!-- identifycourses.WebdevelopmentCourses -->
