<?xml version="1.0" encoding="UTF-8"?>
<!-- Generated by org.testng.reporters.JUnitReportReporter -->
<testsuite hostname="LTIN192862" failures="0" tests="5" name="identifycourses.WebdevelopmentCourses" time="117.884" errors="0" timestamp="2024-03-05T14:48:19 IST" skipped="0">
  <testcase classname="identifycourses.WebdevelopmentCourses" name="searchingWebDevelopmentCourses" time="32.544"/>
  <testcase classname="identifycourses.WebdevelopmentCourses" name="selectinglevel" time="6.726"/>
  <testcase classname="identifycourses.WebdevelopmentCourses" name="selectinglanguages" time="12.741"/>
  <testcase classname="identifycourses.WebdevelopmentCourses" name="firstCourse" time="40.153"/>
  <testcase classname="identifycourses.WebdevelopmentCourses" name="secondCourse" time="25.720"/>
</testsuite> <!-- identifycourses.WebdevelopmentCourses -->
