<?xml version="1.0" encoding="UTF-8"?>
<!-- Generated by org.testng.reporters.JUnitReportReporter -->
<testsuite hostname="LTIN192862" failures="0" tests="4" name="identifycourses.Enterprises" time="121.923" errors="0" timestamp="2024-03-05T14:48:19 IST" skipped="0">
  <testcase classname="identifycourses.Enterprises" name="forEnterprises" time="79.096"/>
  <testcase classname="identifycourses.Enterprises" name="readyToTransform" time="25.171"/>
  <testcase classname="identifycourses.Enterprises" name="dropDowns" time="17.491"/>
  <testcase classname="identifycourses.Enterprises" name="errorMessage" time="0.165"/>
</testsuite> <!-- identifycourses.Enterprises -->
