<?xml version="1.0" encoding="UTF-8"?>
<!-- Generated by org.testng.reporters.JUnitReportReporter -->
<testsuite hostname="LTIN192862" failures="0" tests="3" name="identifycourses.Languagelearning" time="62.006" errors="0" timestamp="2024-03-05T14:48:19 IST" skipped="0">
  <testcase classname="identifycourses.Languagelearning" name="searchLanguageLearning" time="23.229"/>
  <testcase classname="identifycourses.Languagelearning" name="levelCount" time="5.789"/>
  <testcase classname="identifycourses.Languagelearning" name="langCount" time="32.988"/>
</testsuite> <!-- identifycourses.Languagelearning -->
